<?xml version="1.0" encoding="UTF-8"?>
<!-- Generated by org.testng.reporters.JUnitXMLReporter -->
<testsuite ignored="0" hostname="Sony-PC" failures="0" tests="6" name="Test" time="0.056" errors="0" timestamp="31 May 2019 02:31:02 GMT">
  <testcase classname="qaclickacademy.RestAPITest" name="deleteTwitter" time="0.012"/>
  <testcase classname="qaclickacademy.RestAPITest" name="postJira" time="0.0"/>
  <testcase classname="qaclickacademy.SeleniumTest" name="BrowserAutomation" time="0.0"/>
  <testcase classname="qaclickacademy.SeleniumTest" name="elementsUi" time="0.0"/>
  <testcase classname="qaclickacademy.AppiumTest" name="IOSApps" time="0.0"/>
  <testcase classname="qaclickacademy.AppiumTest" name="NativeAppAndroid" time="0.0"/>
</testsuite> <!-- Test -->
